This is XeTeX, Version 3.141592653-2.6-0.999997 (MiKTeX 25.4) (preloaded format=xelatex 2025.7.19)  13 SEP 2025 16:33
entering extended mode
 restricted \write18 enabled.
 file:line:error style messages enabled.
 %&-line parsing enabled.
**"c:/Users/herie/OneDrive - Fundacion Universidad de las Americas Puebla/Unive
rsidad/09 Semestre Otoño/Productos Derivados/activities/Mexican Related Derivat
ives/latex/derivatives.tex"

(c:/Users/herie/OneDrive - Fundacion Universidad de las Americas Puebla/Univers
idad/09 Semestre Otoño/Productos Derivados/activities/Mexican Related Derivativ
es/latex/derivatives.tex
LaTeX2e <2025-06-01> patch level 1
L3 programming layer <2025-07-11>
(C:\Users\herie\AppData\Local\Programs\MiKTeX\tex/latex/base\article.cls
Document Class: article 2025/01/22 v1.4n Standard LaTeX document class
(C:\Users\herie\AppData\Local\Programs\MiKTeX\tex/latex/base\size10.clo
File: size10.clo 2025/01/22 v1.4n Standard LaTeX file (size option)
)
\c@part=\count271
\c@section=\count272
\c@subsection=\count273
\c@subsubsection=\count274
\c@paragraph=\count275
\c@subparagraph=\count276
\c@figure=\count277
\c@table=\count278
\abovecaptionskip=\skip49
\belowcaptionskip=\skip50
\bibindent=\dimen148
)
(C:\Users\herie\AppData\Local\Programs\MiKTeX\tex/generic/babel\babel.sty
Package: babel 2025/05/14 v25.9 The multilingual framework for pdfLaTeX, LuaLaT
eX and XeLaTeX
\babel@savecnt=\count279
LaTeX Encoding Info:    Redeclaring text command \ij (encoding OT1) on input li
ne 2043.
LaTeX Encoding Info:    Redeclaring text command \IJ (encoding OT1) on input li
ne 2045.
LaTeX Encoding Info:    Redeclaring text command \ij (encoding T1) on input lin
e 2047.
LaTeX Encoding Info:    Redeclaring text command \IJ (encoding T1) on input lin
e 2048.
LaTeX Encoding Info:    Ignoring declaration for text command \ij (encoding ?) 
on input line 2049.
LaTeX Encoding Info:    Ignoring declaration for text command \IJ (encoding ?) 
on input line 2051.
LaTeX Encoding Info:    Ignoring declaration for text command \SS (encoding ?) 
on input line 2076.
\U@D=\dimen149
\l@unhyphenated=\language79

(C:\Users\herie\AppData\Local\Programs\MiKTeX\tex/generic/babel\xebabel.def)
\bbl@readstream=\read2
\bbl@dirlevel=\count280

*************************************
* Local config file bblopts.cfg used
*
(C:\Users\herie\AppData\Local\Programs\MiKTeX\tex/latex/arabi\bblopts.cfg
File: bblopts.cfg 2005/09/08 v0.1 add Arabic and Farsi to "declared" options of
 babel
)
(C:\Users\herie\AppData\Local\Programs\MiKTeX\tex/latex/babel-english\english.l
df
Language: english 2017/06/06 v3.3r English support from the babel system

(C:\Users\herie\AppData\Local\Programs\MiKTeX\tex/generic/babel/locale/en\babel
-english.tex
Package babel Info: Importing font and identification data for english
(babel)             from babel-en.ini. Reported on input line 11.
)
Package babel Info: Hyphen rules for 'canadian' set to \l@english
(babel)             (\language0). Reported on input line 102.
Package babel Info: Hyphen rules for 'australian' set to \l@ukenglish
(babel)             (\language73). Reported on input line 105.
Package babel Info: Hyphen rules for 'newzealand' set to \l@ukenglish
(babel)             (\language73). Reported on input line 108.
))
(C:\Users\herie\AppData\Local\Programs\MiKTeX\tex/latex/geometry\geometry.sty
Package: geometry 2020/01/02 v5.9 Page Geometry

(C:\Users\herie\AppData\Local\Programs\MiKTeX\tex/latex/graphics\keyval.sty
Package: keyval 2022/05/29 v1.15 key=value parser (DPC)
\KV@toks@=\toks17
)
(C:\Users\herie\AppData\Local\Programs\MiKTeX\tex/generic/iftex\ifvtex.sty
Package: ifvtex 2019/10/25 v1.7 ifvtex legacy package. Use iftex instead.

(C:\Users\herie\AppData\Local\Programs\MiKTeX\tex/generic/iftex\iftex.sty
Package: iftex 2024/12/12 v1.0g TeX engine tests
))
\Gm@cnth=\count281
\Gm@cntv=\count282
\c@Gm@tempcnt=\count283
\Gm@bindingoffset=\dimen150
\Gm@wd@mp=\dimen151
\Gm@odd@mp=\dimen152
\Gm@even@mp=\dimen153
\Gm@layoutwidth=\dimen154
\Gm@layoutheight=\dimen155
\Gm@layouthoffset=\dimen156
\Gm@layoutvoffset=\dimen157
\Gm@dimlist=\toks18

(C:\Users\herie\AppData\Local\Programs\MiKTeX\tex/latex/geometry\geometry.cfg))
(C:\Users\herie\AppData\Local\Programs\MiKTeX\tex/latex/hyperref\hyperref.sty
Package: hyperref 2025-07-12 v7.01o Hypertext links for LaTeX

(C:\Users\herie\AppData\Local\Programs\MiKTeX\tex/latex/kvsetkeys\kvsetkeys.sty
Package: kvsetkeys 2022-10-05 v1.19 Key value parser (HO)
)
(C:\Users\herie\AppData\Local\Programs\MiKTeX\tex/generic/kvdefinekeys\kvdefine
keys.sty
Package: kvdefinekeys 2019-12-19 v1.6 Define keys (HO)
)
(C:\Users\herie\AppData\Local\Programs\MiKTeX\tex/generic/pdfescape\pdfescape.s
ty
Package: pdfescape 2019/12/09 v1.15 Implements pdfTeX's escape features (HO)

(C:\Users\herie\AppData\Local\Programs\MiKTeX\tex/generic/ltxcmds\ltxcmds.sty
Package: ltxcmds 2023-12-04 v1.26 LaTeX kernel commands for general use (HO)
)
(C:\Users\herie\AppData\Local\Programs\MiKTeX\tex/generic/pdftexcmds\pdftexcmds
.sty
Package: pdftexcmds 2020-06-27 v0.33 Utility functions of pdfTeX for LuaTeX (HO
)

(C:\Users\herie\AppData\Local\Programs\MiKTeX\tex/generic/infwarerr\infwarerr.s
ty
Package: infwarerr 2019/12/03 v1.5 Providing info/warning/error messages (HO)
)
Package pdftexcmds Info: \pdf@primitive is available.
Package pdftexcmds Info: \pdf@ifprimitive is available.
Package pdftexcmds Info: \pdfdraftmode not found.
))
(C:\Users\herie\AppData\Local\Programs\MiKTeX\tex/latex/hycolor\hycolor.sty
Package: hycolor 2020-01-27 v1.10 Color options for hyperref/bookmark (HO)
)
(C:\Users\herie\AppData\Local\Programs\MiKTeX\tex/latex/hyperref\nameref.sty
Package: nameref 2025-06-21 v2.57 Cross-referencing by name of section

(C:\Users\herie\AppData\Local\Programs\MiKTeX\tex/latex/refcount\refcount.sty
Package: refcount 2019/12/15 v3.6 Data extraction from label references (HO)
)
(C:\Users\herie\AppData\Local\Programs\MiKTeX\tex/generic/gettitlestring\gettit
lestring.sty
Package: gettitlestring 2019/12/15 v1.6 Cleanup title references (HO)

(C:\Users\herie\AppData\Local\Programs\MiKTeX\tex/latex/kvoptions\kvoptions.sty
Package: kvoptions 2022-06-15 v3.15 Key value format for package options (HO)
))
\c@section@level=\count284
)
(C:\Users\herie\AppData\Local\Programs\MiKTeX\tex/latex/etoolbox\etoolbox.sty
Package: etoolbox 2025/02/11 v2.5l e-TeX tools for LaTeX (JAW)
\etb@tempcnta=\count285
)
(C:\Users\herie\AppData\Local\Programs\MiKTeX\tex/generic/stringenc\stringenc.s
ty
Package: stringenc 2019/11/29 v1.12 Convert strings between diff. encodings (HO
)
)
\@linkdim=\dimen158
\Hy@linkcounter=\count286
\Hy@pagecounter=\count287
 (C:\Users\herie\AppData\Local\Programs\MiKTeX\tex/latex/hyperref\pd1enc.def
File: pd1enc.def 2025-07-12 v7.01o Hyperref: PDFDocEncoding definition (HO)
) (C:\Users\herie\AppData\Local\Programs\MiKTeX\tex/generic/intcalc\intcalc.sty
Package: intcalc 2019/12/15 v1.3 Expandable calculations with integers (HO)
)
\Hy@SavedSpaceFactor=\count288
 (C:\Users\herie\AppData\Local\Programs\MiKTeX\tex/latex/hyperref\puenc.def
File: puenc.def 2025-07-12 v7.01o Hyperref: PDF Unicode definition (HO)
)
Package hyperref Info: Hyper figures OFF on input line 4195.
Package hyperref Info: Link nesting OFF on input line 4200.
Package hyperref Info: Hyper index ON on input line 4203.
Package hyperref Info: Plain pages OFF on input line 4210.
Package hyperref Info: Backreferencing OFF on input line 4215.
Package hyperref Info: Implicit mode ON; LaTeX internals redefined.
Package hyperref Info: Bookmarks ON on input line 4462.
\c@Hy@tempcnt=\count289

(C:\Users\herie\AppData\Local\Programs\MiKTeX\tex/latex/url\url.sty
\Urlmuskip=\muskip17
Package: url 2013/09/16  ver 3.4  Verb mode for urls, etc.
)
LaTeX Info: Redefining \url on input line 4801.
\XeTeXLinkMargin=\dimen159

(C:\Users\herie\AppData\Local\Programs\MiKTeX\tex/generic/bitset\bitset.sty
Package: bitset 2019/12/09 v1.3 Handle bit-vector datatype (HO)

(C:\Users\herie\AppData\Local\Programs\MiKTeX\tex/generic/bigintcalc\bigintcalc
.sty
Package: bigintcalc 2019/12/15 v1.5 Expandable calculations on big integers (HO
)
))
\Fld@menulength=\count290
\Field@Width=\dimen160
\Fld@charsize=\dimen161
Package hyperref Info: Hyper figures OFF on input line 6078.
Package hyperref Info: Link nesting OFF on input line 6083.
Package hyperref Info: Hyper index ON on input line 6086.
Package hyperref Info: backreferencing OFF on input line 6093.
Package hyperref Info: Link coloring OFF on input line 6098.
Package hyperref Info: Link coloring with OCG OFF on input line 6103.
Package hyperref Info: PDF/A mode OFF on input line 6108.
\Hy@abspage=\count291
\c@Item=\count292
\c@Hfootnote=\count293
)
Package hyperref Info: Driver (autodetected): hxetex.

(C:\Users\herie\AppData\Local\Programs\MiKTeX\tex/latex/hyperref\hxetex.def
File: hxetex.def 2025-07-12 v7.01o Hyperref driver for XeTeX
\pdfm@box=\box53
\c@Hy@AnnotLevel=\count294
\HyField@AnnotCount=\count295
\Fld@listcount=\count296
\c@bookmark@seq@number=\count297

(C:\Users\herie\AppData\Local\Programs\MiKTeX\tex/latex/rerunfilecheck\rerunfil
echeck.sty
Package: rerunfilecheck 2025-06-21 v1.11 Rerun checks for auxiliary files (HO)

(C:\Users\herie\AppData\Local\Programs\MiKTeX\tex/generic/uniquecounter\uniquec
ounter.sty
Package: uniquecounter 2019/12/15 v1.4 Provide unlimited unique counter (HO)
)
Package uniquecounter Info: New unique counter `rerunfilecheck' on input line 2
84.
)
\Hy@SectionHShift=\skip51
)
(C:\Users\herie\AppData\Local\Programs\MiKTeX\tex/latex/amsmath\amsmath.sty
Package: amsmath 2025/06/16 v2.17y AMS math features
\@mathmargin=\skip52

For additional information on amsmath, use the `?' option.
(C:\Users\herie\AppData\Local\Programs\MiKTeX\tex/latex/amsmath\amstext.sty
Package: amstext 2024/11/17 v2.01 AMS text

(C:\Users\herie\AppData\Local\Programs\MiKTeX\tex/latex/amsmath\amsgen.sty
File: amsgen.sty 1999/11/30 v2.0 generic functions
\@emptytoks=\toks19
\ex@=\dimen162
))
(C:\Users\herie\AppData\Local\Programs\MiKTeX\tex/latex/amsmath\amsbsy.sty
Package: amsbsy 1999/11/29 v1.2d Bold Symbols
\pmbraise@=\dimen163
)
(C:\Users\herie\AppData\Local\Programs\MiKTeX\tex/latex/amsmath\amsopn.sty
Package: amsopn 2022/04/08 v2.04 operator names
)
\inf@bad=\count298
LaTeX Info: Redefining \frac on input line 233.
\uproot@=\count299
\leftroot@=\count300
LaTeX Info: Redefining \overline on input line 398.
LaTeX Info: Redefining \colon on input line 409.
\classnum@=\count301
\DOTSCASE@=\count302
LaTeX Info: Redefining \ldots on input line 495.
LaTeX Info: Redefining \dots on input line 498.
LaTeX Info: Redefining \cdots on input line 619.
\Mathstrutbox@=\box54
\strutbox@=\box55
LaTeX Info: Redefining \big on input line 721.
LaTeX Info: Redefining \Big on input line 722.
LaTeX Info: Redefining \bigg on input line 723.
LaTeX Info: Redefining \Bigg on input line 724.
\big@size=\dimen164
LaTeX Font Info:    Redeclaring font encoding OML on input line 742.
LaTeX Font Info:    Redeclaring font encoding OMS on input line 743.
\macc@depth=\count303
LaTeX Info: Redefining \bmod on input line 904.
LaTeX Info: Redefining \pmod on input line 909.
LaTeX Info: Redefining \smash on input line 939.
LaTeX Info: Redefining \relbar on input line 969.
LaTeX Info: Redefining \Relbar on input line 970.
\c@MaxMatrixCols=\count304
\dotsspace@=\muskip18
\c@parentequation=\count305
\dspbrk@lvl=\count306
\tag@help=\toks20
\row@=\count307
\column@=\count308
\maxfields@=\count309
\andhelp@=\toks21
\eqnshift@=\dimen165
\alignsep@=\dimen166
\tagshift@=\dimen167
\tagwidth@=\dimen168
\totwidth@=\dimen169
\lineht@=\dimen170
\@envbody=\toks22
\multlinegap=\skip53
\multlinetaggap=\skip54
\mathdisplay@stack=\toks23
LaTeX Info: Redefining \[ on input line 2949.
LaTeX Info: Redefining \] on input line 2950.
)
(C:\Users\herie\AppData\Local\Programs\MiKTeX\tex/latex/amsfonts\amssymb.sty
Package: amssymb 2013/01/14 v3.01 AMS font symbols

(C:\Users\herie\AppData\Local\Programs\MiKTeX\tex/latex/amsfonts\amsfonts.sty
Package: amsfonts 2013/01/14 v3.01 Basic AMSFonts support
\symAMSa=\mathgroup4
\symAMSb=\mathgroup5
LaTeX Font Info:    Redeclaring math symbol \hbar on input line 98.
LaTeX Font Info:    Overwriting math alphabet `\mathfrak' in version `bold'
(Font)                  U/euf/m/n --> U/euf/b/n on input line 106.
)) (C:\Users\herie\AppData\Local\Programs\MiKTeX\tex/latex/fontspec\fontspec.st
y
(C:\Users\herie\AppData\Local\Programs\MiKTeX\tex/latex/l3packages/xparse\xpars
e.sty
(C:\Users\herie\AppData\Local\Programs\MiKTeX\tex/latex/l3kernel\expl3.sty
Package: expl3 2025-07-11 L3 programming layer (loader) 

(C:\Users\herie\AppData\Local\Programs\MiKTeX\tex/latex/l3backend\l3backend-xet
ex.def
File: l3backend-xetex.def 2025-06-09 L3 backend support: XeTeX
\g__graphics_track_int=\count310
\g__pdfannot_backend_int=\count311
\g__pdfannot_backend_link_int=\count312
))
Package: xparse 2024-08-16 L3 Experimental document command parser
)
Package: fontspec 2024/05/11 v2.9e Font selection for XeLaTeX and LuaLaTeX

(C:\Users\herie\AppData\Local\Programs\MiKTeX\tex/latex/fontspec\fontspec-xetex
.sty
Package: fontspec-xetex 2024/05/11 v2.9e Font selection for XeLaTeX and LuaLaTe
X
\l__fontspec_script_int=\count313
\l__fontspec_language_int=\count314
\l__fontspec_strnum_int=\count315
\l__fontspec_tmp_int=\count316
\l__fontspec_tmpa_int=\count317
\l__fontspec_tmpb_int=\count318
\l__fontspec_tmpc_int=\count319
\l__fontspec_em_int=\count320
\l__fontspec_emdef_int=\count321
\l__fontspec_strong_int=\count322
\l__fontspec_strongdef_int=\count323
\l__fontspec_tmpa_dim=\dimen171
\l__fontspec_tmpb_dim=\dimen172
\l__fontspec_tmpc_dim=\dimen173
 (C:\Users\herie\AppData\Local\Programs\MiKTeX\tex/latex/base\fontenc.sty
Package: fontenc 2024/12/21 v2.1c Standard LaTeX package
)
(C:\Users\herie\AppData\Local\Programs\MiKTeX\tex/latex/fontspec\fontspec.cfg))
) (C:\Users\herie\AppData\Local\Programs\MiKTeX\tex/latex/newtx\newtxmath.sty
Package: newtxmath 2024/09/22 v1.754

`newtxmath' v1.754, 2024/09/22 Math macros based originally on txfonts (msharpe
) (C:\Users\herie\AppData\Local\Programs\MiKTeX\tex/latex/base\ifthen.sty
Package: ifthen 2024/03/16 v1.1e Standard LaTeX ifthen package (DPC)
)
(C:\Users\herie\AppData\Local\Programs\MiKTeX\tex/latex/xkeyval\xkeyval.sty
Package: xkeyval 2022/06/16 v2.9 package option processing (HA)

(C:\Users\herie\AppData\Local\Programs\MiKTeX\tex/generic/xkeyval\xkeyval.tex
(C:\Users\herie\AppData\Local\Programs\MiKTeX\tex/generic/xkeyval\xkvutils.tex
\XKV@toks=\toks24
\XKV@tempa@toks=\toks25
)
\XKV@depth=\count324
File: xkeyval.tex 2014/12/03 v2.7a key=value parser (HA)
))
(C:\Users\herie\AppData\Local\Programs\MiKTeX\tex/latex/oberdiek\centernot.sty
Package: centernot 2016/05/16 v1.4 Centers the not symbol horizontally (HO)
)
\tx@cntz=\count325
(C:\Users\herie\AppData\Local\Programs\MiKTeX\tex/generic/binhex\binhex.tex)
\tx@Isdigit=\count326
\tx@IsAlNum=\count327
\tx@tA=\toks26
\tx@tB=\toks27
\tx@su=\read3

amsthm NOT loaded
LaTeX Font Info:    Redeclaring symbol font `operators' on input line 402.
LaTeX Font Info:    Overwriting symbol font `operators' in version `normal'
(Font)                  OT1/cmr/m/n --> OT1/lmr/m/n on input line 402.
LaTeX Font Info:    Overwriting symbol font `operators' in version `bold'
(Font)                  OT1/cmr/bx/n --> OT1/lmr/m/n on input line 402.
LaTeX Font Info:    Overwriting symbol font `operators' in version `bold'
(Font)                  OT1/lmr/m/n --> OT1/lmr/b/n on input line 403.
LaTeX Font Info:    Redeclaring math alphabet \mathsf on input line 410.
LaTeX Font Info:    Overwriting math alphabet `\mathsf' in version `normal'
(Font)                  OT1/cmss/m/n --> OT1/lmss/m/n on input line 410.
LaTeX Font Info:    Overwriting math alphabet `\mathsf' in version `bold'
(Font)                  OT1/cmss/bx/n --> OT1/lmss/m/n on input line 410.
LaTeX Font Info:    Overwriting math alphabet `\mathsf' in version `bold'
(Font)                  OT1/lmss/m/n --> OT1/lmss/b/n on input line 412.
LaTeX Font Info:    Redeclaring math alphabet \mathit on input line 419.
LaTeX Font Info:    Overwriting math alphabet `\mathit' in version `normal'
(Font)                  OT1/cmr/m/it --> OT1/lmr/m/it on input line 419.
LaTeX Font Info:    Overwriting math alphabet `\mathit' in version `bold'
(Font)                  OT1/cmr/bx/it --> OT1/lmr/m/it on input line 419.
LaTeX Font Info:    Redeclaring math alphabet \mathtt on input line 420.
LaTeX Font Info:    Overwriting math alphabet `\mathtt' in version `normal'
(Font)                  OT1/cmtt/m/n --> TU/lmtt/m/n on input line 420.
LaTeX Font Info:    Overwriting math alphabet `\mathtt' in version `bold'
(Font)                  OT1/cmtt/m/n --> TU/lmtt/m/n on input line 420.
LaTeX Font Info:    Redeclaring math alphabet \mathbf on input line 422.
LaTeX Font Info:    Overwriting math alphabet `\mathbf' in version `normal'
(Font)                  OT1/cmr/bx/n --> OT1/lmr/b/n on input line 422.
LaTeX Font Info:    Overwriting math alphabet `\mathbf' in version `bold'
(Font)                  OT1/cmr/bx/n --> OT1/lmr/b/n on input line 422.
LaTeX Font Info:    Overwriting math alphabet `\mathit' in version `bold'
(Font)                  OT1/lmr/m/it --> OT1/lmr/b/it on input line 423.
LaTeX Font Info:    Overwriting math alphabet `\mathtt' in version `bold'
(Font)                  TU/lmtt/m/n --> TU/lmtt/b/n on input line 426.
LaTeX Font Info:    Redeclaring symbol font `letters' on input line 534.
LaTeX Font Info:    Overwriting symbol font `letters' in version `normal'
(Font)                  OML/cmm/m/it --> OML/ntxmi/m/it on input line 534.
LaTeX Font Info:    Overwriting symbol font `letters' in version `bold'
(Font)                  OML/cmm/b/it --> OML/ntxmi/m/it on input line 534.
LaTeX Font Info:    Overwriting symbol font `letters' in version `bold'
(Font)                  OML/ntxmi/m/it --> OML/ntxmi/b/it on input line 535.
\symlettersA=\mathgroup6
LaTeX Font Info:    Overwriting symbol font `lettersA' in version `bold'
(Font)                  U/ntxmia/m/it --> U/ntxmia/b/it on input line 582.
LaTeX Font Info:    Redeclaring math alphabet \mathfrak on input line 584.
LaTeX Font Info:    Redeclaring symbol font `symbols' on input line 604.
LaTeX Font Info:    Encoding `OMS' has changed to `LMS' for symbol font
(Font)              `symbols' in the math version `normal' on input line 604.
LaTeX Font Info:    Overwriting symbol font `symbols' in version `normal'
(Font)                  OMS/cmsy/m/n --> LMS/ntxsy/m/n on input line 604.
LaTeX Font Info:    Encoding `OMS' has changed to `LMS' for symbol font
(Font)              `symbols' in the math version `bold' on input line 604.
LaTeX Font Info:    Overwriting symbol font `symbols' in version `bold'
(Font)                  OMS/cmsy/b/n --> LMS/ntxsy/m/n on input line 604.
LaTeX Font Info:    Overwriting symbol font `symbols' in version `bold'
(Font)                  LMS/ntxsy/m/n --> LMS/ntxsy/b/n on input line 605.
\symAMSm=\mathgroup7
LaTeX Font Info:    Overwriting symbol font `AMSm' in version `bold'
(Font)                  U/ntxsym/m/n --> U/ntxsym/b/n on input line 630.
\symsymbolsC=\mathgroup8
LaTeX Font Info:    Overwriting symbol font `symbolsC' in version `bold'
(Font)                  U/ntxsyc/m/n --> U/ntxsyc/b/n on input line 651.
LaTeX Font Info:    Redeclaring symbol font `largesymbols' on input line 664.
LaTeX Font Info:    Encoding `OMX' has changed to `LMX' for symbol font
(Font)              `largesymbols' in the math version `normal' on input line 6
64.
LaTeX Font Info:    Overwriting symbol font `largesymbols' in version `normal'
(Font)                  OMX/cmex/m/n --> LMX/ntxexx/m/n on input line 664.
LaTeX Font Info:    Encoding `OMX' has changed to `LMX' for symbol font
(Font)              `largesymbols' in the math version `bold' on input line 664
.
LaTeX Font Info:    Overwriting symbol font `largesymbols' in version `bold'
(Font)                  OMX/cmex/m/n --> LMX/ntxexx/m/n on input line 664.
LaTeX Font Info:    Overwriting symbol font `largesymbols' in version `bold'
(Font)                  LMX/ntxexx/m/n --> LMX/ntxexx/b/n on input line 665.
\symlargesymbolsTXA=\mathgroup9
LaTeX Font Info:    Overwriting symbol font `largesymbolsTXA' in version `bold'

(Font)                  U/ntxexa/m/n --> U/ntxexa/b/n on input line 679.
\tx@sbptoks=\toks28
LaTeX Font Info:    Redeclaring math delimiter \lfloor on input line 902.
LaTeX Font Info:    Redeclaring math delimiter \rfloor on input line 903.
LaTeX Font Info:    Redeclaring math delimiter \lceil on input line 904.
LaTeX Font Info:    Redeclaring math delimiter \rceil on input line 905.
LaTeX Font Info:    Redeclaring math delimiter \lbrace on input line 910.
LaTeX Font Info:    Redeclaring math delimiter \rbrace on input line 911.
LaTeX Font Info:    Redeclaring math delimiter \langle on input line 913.
LaTeX Font Info:    Redeclaring math delimiter \rangle on input line 915.
LaTeX Font Info:    Redeclaring math delimiter \arrowvert on input line 919.
LaTeX Font Info:    Redeclaring math delimiter \vert on input line 920.
LaTeX Font Info:    Redeclaring math accent \dot on input line 991.
LaTeX Font Info:    Redeclaring math accent \ddot on input line 992.
LaTeX Font Info:    Redeclaring math accent \vec on input line 2057.
LaTeX Info: Redefining \Bbbk on input line 2847.
LaTeX Info: Redefining \not on input line 2995.
)

Package fontspec Info: 
(fontspec)             Font family 'EBGaramond(0)' created for font 'EB
(fontspec)             Garamond' with options [Ligatures=TeX,UprightFont = *
(fontspec)             Medium,ItalicFont = * Medium Italic,BoldFont = *
(fontspec)             SemiBold,BoldItalicFont = * SemiBold Italic].
(fontspec)              
(fontspec)              This font family consists of the following NFSS
(fontspec)             series/shapes:
(fontspec)              
(fontspec)             - 'normal' (m/n) with NFSS spec.: <->"EB Garamond
(fontspec)             Medium/OT:script=latn;language=dflt;mapping=tex-text;"
(fontspec)             - 'small caps'  (m/sc) with NFSS spec.: <->"EB Garamond
(fontspec)             Medium/OT:script=latn;language=dflt;+smcp;mapping=tex-te
xt;"
(fontspec)             - 'bold' (b/n) with NFSS spec.: <->"EB Garamond
(fontspec)             SemiBold/OT:script=latn;language=dflt;mapping=tex-text;"

(fontspec)             - 'bold small caps'  (b/sc) with NFSS spec.: <->"EB
(fontspec)             Garamond
(fontspec)             SemiBold/OT:script=latn;language=dflt;+smcp;mapping=tex-
text;"
(fontspec)             - 'italic' (m/it) with NFSS spec.: <->"EB Garamond
(fontspec)             Medium
(fontspec)             Italic/OT:script=latn;language=dflt;mapping=tex-text;"
(fontspec)             - 'italic small caps'  (m/scit) with NFSS spec.: <->"EB
(fontspec)             Garamond Medium
(fontspec)             Italic/OT:script=latn;language=dflt;+smcp;mapping=tex-te
xt;"
(fontspec)             - 'bold italic' (b/it) with NFSS spec.: <->"EB Garamond
(fontspec)             SemiBold
(fontspec)             Italic/OT:script=latn;language=dflt;mapping=tex-text;"
(fontspec)             - 'bold italic small caps'  (b/scit) with NFSS spec.:
(fontspec)             <->"EB Garamond SemiBold
(fontspec)             Italic/OT:script=latn;language=dflt;+smcp;mapping=tex-te
xt;"

 (C:\Users\herie\AppData\Local\Programs\MiKTeX\tex/latex/titlesec\titlesec.sty
Package: titlesec 2025/01/04 v2.17 Sectioning titles
\ttl@box=\box56
\beforetitleunit=\skip55
\aftertitleunit=\skip56
\ttl@plus=\dimen174
\ttl@minus=\dimen175
\ttl@toksa=\toks29
\titlewidth=\dimen176
\titlewidthlast=\dimen177
\titlewidthfirst=\dimen178
)

Package fontspec Info: 
(fontspec)             Font family 'EBGaramondBold(0)' created for font 'EB
(fontspec)             Garamond Bold' with options
(fontspec)             [BoldFont={},ItalicFont={},SmallCapsFont={}].
(fontspec)              
(fontspec)              This font family consists of the following NFSS
(fontspec)             series/shapes:
(fontspec)              
(fontspec)             - 'normal' (m/n) with NFSS spec.: <->"EB Garamond
(fontspec)             Bold/OT:script=latn;language=dflt;"


Package fontspec Info: 
(fontspec)             Font family 'EBGaramondBoldItalic(0)' created for font
(fontspec)             'EB Garamond Bold Italic' with options
(fontspec)             [BoldFont={},ItalicFont={},SmallCapsFont={}].
(fontspec)              
(fontspec)              This font family consists of the following NFSS
(fontspec)             series/shapes:
(fontspec)              
(fontspec)             - 'normal' (m/n) with NFSS spec.: <->"EB Garamond Bold
(fontspec)             Italic/OT:script=latn;language=dflt;"

 (C:\Users\herie\AppData\Local\Programs\MiKTeX\tex/latex/fancyhdr\fancyhdr.sty
Package: fancyhdr 2025/02/07 v5.2 Extensive control of page headers and footers

\f@nch@headwidth=\skip57
\f@nch@offset@elh=\skip58
\f@nch@offset@erh=\skip59
\f@nch@offset@olh=\skip60
\f@nch@offset@orh=\skip61
\f@nch@offset@elf=\skip62
\f@nch@offset@erf=\skip63
\f@nch@offset@olf=\skip64
\f@nch@offset@orf=\skip65
\f@nch@height=\skip66
\f@nch@footalignment=\skip67
\f@nch@widthL=\skip68
\f@nch@widthC=\skip69
\f@nch@widthR=\skip70
\@temptokenb=\toks30
) (C:\Users\herie\AppData\Local\Programs\MiKTeX\tex/latex/setspace\setspace.sty
Package: setspace 2022/12/04 v6.7b set line spacing
) (C:\Users\herie\AppData\Local\Programs\MiKTeX\tex/latex/tocloft\tocloft.sty
Package: tocloft 2017/08/31 v2.3i parameterised ToC, etc., typesetting
Package tocloft Info: The document has section divisions on input line 51.
\cftparskip=\skip71
\cftbeforetoctitleskip=\skip72
\cftaftertoctitleskip=\skip73
\cftbeforepartskip=\skip74
\cftpartnumwidth=\skip75
\cftpartindent=\skip76
\cftbeforesecskip=\skip77
\cftsecindent=\skip78
\cftsecnumwidth=\skip79
\cftbeforesubsecskip=\skip80
\cftsubsecindent=\skip81
\cftsubsecnumwidth=\skip82
\cftbeforesubsubsecskip=\skip83
\cftsubsubsecindent=\skip84
\cftsubsubsecnumwidth=\skip85
\cftbeforeparaskip=\skip86
\cftparaindent=\skip87
\cftparanumwidth=\skip88
\cftbeforesubparaskip=\skip89
\cftsubparaindent=\skip90
\cftsubparanumwidth=\skip91
\cftbeforeloftitleskip=\skip92
\cftafterloftitleskip=\skip93
\cftbeforefigskip=\skip94
\cftfigindent=\skip95
\cftfignumwidth=\skip96
\c@lofdepth=\count328
\c@lotdepth=\count329
\cftbeforelottitleskip=\skip97
\cftafterlottitleskip=\skip98
\cftbeforetabskip=\skip99
\cfttabindent=\skip100
\cfttabnumwidth=\skip101
)
(C:\Users\herie\AppData\Local\Programs\MiKTeX\tex/latex/xcolor\xcolor.sty
Package: xcolor 2024/09/29 v3.02 LaTeX color extensions (UK)

(C:\Users\herie\AppData\Local\Programs\MiKTeX\tex/latex/graphics-cfg\color.cfg
File: color.cfg 2016/01/02 v1.6 sample color configuration
)
Package xcolor Info: Driver file: xetex.def on input line 274.
(C:\Users\herie\AppData\Local\Programs\MiKTeX\tex/latex/graphics-def\xetex.def
File: xetex.def 2022/09/22 v5.0n Graphics/color driver for xetex
) (C:\Users\herie\AppData\Local\Programs\MiKTeX\tex/latex/graphics\mathcolor.lt
x)
Package xcolor Info: Model `cmy' substituted by `cmy0' on input line 1349.
Package xcolor Info: Model `RGB' extended on input line 1365.
Package xcolor Info: Model `HTML' substituted by `rgb' on input line 1367.
Package xcolor Info: Model `Hsb' substituted by `hsb' on input line 1368.
Package xcolor Info: Model `tHsb' substituted by `hsb' on input line 1369.
Package xcolor Info: Model `HSB' substituted by `hsb' on input line 1370.
Package xcolor Info: Model `Gray' substituted by `gray' on input line 1371.
Package xcolor Info: Model `wave' substituted by `hsb' on input line 1372.
)
(C:\Users\herie\AppData\Local\Programs\MiKTeX\tex/latex/booktabs\booktabs.sty
Package: booktabs 2020/01/12 v1.61803398 Publication quality tables
\heavyrulewidth=\dimen179
\lightrulewidth=\dimen180
\cmidrulewidth=\dimen181
\belowrulesep=\dimen182
\belowbottomsep=\dimen183
\aboverulesep=\dimen184
\abovetopsep=\dimen185
\cmidrulesep=\dimen186
\cmidrulekern=\dimen187
\defaultaddspace=\dimen188
\@cmidla=\count330
\@cmidlb=\count331
\@aboverulesep=\dimen189
\@belowrulesep=\dimen190
\@thisruleclass=\count332
\@lastruleclass=\count333
\@thisrulewidth=\dimen191
)
(C:\Users\herie\AppData\Local\Programs\MiKTeX\tex/latex/graphics\graphicx.sty
Package: graphicx 2024/12/31 v1.2e Enhanced LaTeX Graphics (DPC,SPQR)

(C:\Users\herie\AppData\Local\Programs\MiKTeX\tex/latex/graphics\graphics.sty
Package: graphics 2024/08/06 v1.4g Standard LaTeX Graphics (DPC,SPQR)

(C:\Users\herie\AppData\Local\Programs\MiKTeX\tex/latex/graphics\trig.sty
Package: trig 2023/12/02 v1.11 sin cos tan (DPC)
)
(C:\Users\herie\AppData\Local\Programs\MiKTeX\tex/latex/graphics-cfg\graphics.c
fg
File: graphics.cfg 2016/06/04 v1.11 sample graphics configuration
)
Package graphics Info: Driver file: xetex.def on input line 106.
)
\Gin@req@height=\dimen192
\Gin@req@width=\dimen193
) (C:\Users\herie\AppData\Local\Programs\MiKTeX\tex/latex/natbib\natbib.sty
Package: natbib 2010/09/13 8.31b (PWD, AO)
\bibhang=\skip102
\bibsep=\skip103
LaTeX Info: Redefining \cite on input line 694.
\c@NAT@ctr=\count334
) (C:\Users\herie\AppData\Local\Programs\MiKTeX\tex/latex/listings\listings.sty
\lst@mode=\count335
\lst@gtempboxa=\box57
\lst@token=\toks31
\lst@length=\count336
\lst@currlwidth=\dimen194
\lst@column=\count337
\lst@pos=\count338
\lst@lostspace=\dimen195
\lst@width=\dimen196
\lst@newlines=\count339
\lst@lineno=\count340
\lst@maxwidth=\dimen197
(C:\Users\herie\AppData\Local\Programs\MiKTeX\tex/latex/listings\lstpatch.sty
File: lstpatch.sty 2024/09/23 1.10c (Carsten Heinz)
)
(C:\Users\herie\AppData\Local\Programs\MiKTeX\tex/latex/listings\lstmisc.sty
File: lstmisc.sty 2024/09/23 1.10c (Carsten Heinz)
\c@lstnumber=\count341
\lst@skipnumbers=\count342
\lst@framebox=\box58
)
(C:\Users\herie\AppData\Local\Programs\MiKTeX\tex/latex/listings\listings.cfg
File: listings.cfg 2024/09/23 1.10c listings configuration
))
Package: listings 2024/09/23 1.10c (Carsten Heinz)
(derivatives.aux)
\openout1 = `derivatives.aux'.

LaTeX Font Info:    Checking defaults for OML/ntxmi/m/it on input line 67.
LaTeX Font Info:    Trying to load font information for OML+ntxmi on input line
 67.

(C:\Users\herie\AppData\Local\Programs\MiKTeX\tex/latex/newtx\omlntxmi.fd
File: omlntxmi.fd 2015/08/25 Fontinst v1.933 font definitions for OML/ntxmi.
)
LaTeX Font Info:    ... okay on input line 67.
LaTeX Font Info:    Checking defaults for OMS/cmsy/m/n on input line 67.
LaTeX Font Info:    ... okay on input line 67.
LaTeX Font Info:    Checking defaults for OT1/cmr/m/n on input line 67.
LaTeX Font Info:    ... okay on input line 67.
LaTeX Font Info:    Checking defaults for T1/cmr/m/n on input line 67.
LaTeX Font Info:    ... okay on input line 67.
LaTeX Font Info:    Checking defaults for TS1/cmr/m/n on input line 67.
LaTeX Font Info:    ... okay on input line 67.
LaTeX Font Info:    Checking defaults for TU/lmr/m/n on input line 67.
LaTeX Font Info:    ... okay on input line 67.
LaTeX Font Info:    Checking defaults for OMX/cmex/m/n on input line 67.
LaTeX Font Info:    ... okay on input line 67.
LaTeX Font Info:    Checking defaults for U/ntxexa/m/n on input line 67.
LaTeX Font Info:    Trying to load font information for U+ntxexa on input line 
67.

(C:\Users\herie\AppData\Local\Programs\MiKTeX\tex/latex/newtx\untxexa.fd
File: untxexa.fd 2012/04/16 Fontinst v1.933 font definitions for U/ntxexa.
)
LaTeX Font Info:    ... okay on input line 67.
LaTeX Font Info:    Checking defaults for PD1/pdf/m/n on input line 67.
LaTeX Font Info:    ... okay on input line 67.
LaTeX Font Info:    Checking defaults for PU/pdf/m/n on input line 67.
LaTeX Font Info:    ... okay on input line 67.
LaTeX Font Info:    Checking defaults for LMS/ntxsy/m/n on input line 67.
LaTeX Font Info:    Trying to load font information for LMS+ntxsy on input line
 67.

(C:\Users\herie\AppData\Local\Programs\MiKTeX\tex/latex/newtx\lmsntxsy.fd
File: lmsntxsy.fd 2016/07/02 Fontinst v1.933 font definitions for LMS/ntxsy.
)
LaTeX Font Info:    ... okay on input line 67.
LaTeX Font Info:    Checking defaults for LMX/ntxexx/m/n on input line 67.
LaTeX Font Info:    Trying to load font information for LMX+ntxexx on input lin
e 67.

(C:\Users\herie\AppData\Local\Programs\MiKTeX\tex/latex/newtx\lmxntxexx.fd
File: lmxntxexx.fd 2016/07/03 Fontinst v1.933 font definitions for LMX/ntxexx.
)
LaTeX Font Info:    ... okay on input line 67.

*geometry* driver: auto-detecting
*geometry* detected driver: xetex
*geometry* verbose mode - [ preamble ] result:
* driver: xetex
* paper: a4paper
* layout: <same size as paper>
* layoutoffset:(h,v)=(0.0pt,0.0pt)
* modes: 
* h-part:(L,W,R)=(108.405pt, 380.69788pt, 108.405pt)
* v-part:(T,H,B)=(108.405pt, 628.23685pt, 108.405pt)
* \paperwidth=597.50787pt
* \paperheight=845.04684pt
* \textwidth=380.69788pt
* \textheight=628.23685pt
* \oddsidemargin=36.13501pt
* \evensidemargin=36.13501pt
* \topmargin=-0.86499pt
* \headheight=12.0pt
* \headsep=25.0pt
* \topskip=10.0pt
* \footskip=30.0pt
* \marginparwidth=57.0pt
* \marginparsep=11.0pt
* \columnsep=10.0pt
* \skip\footins=9.0pt plus 4.0pt minus 2.0pt
* \hoffset=0.0pt
* \voffset=0.0pt
* \mag=1000
* \@twocolumnfalse
* \@twosidefalse
* \@mparswitchfalse
* \@reversemarginfalse
* (1in=72.27pt=25.4mm, 1cm=28.453pt)

Package hyperref Info: Link coloring OFF on input line 67.
(derivatives.out) (derivatives.out)
\@outlinefile=\write3
\openout3 = `derivatives.out'.

LaTeX Info: Command `\dddot' is already robust on input line 67.
LaTeX Info: Command `\ddddot' is already robust on input line 67.
\c@lstlisting=\count343


[1

] (derivatives.toc
LaTeX Font Info:    Trying to load font information for OT1+lmr on input line 2
.

(C:\Users\herie\AppData\Local\Programs\MiKTeX\tex/latex/lm\ot1lmr.fd
File: ot1lmr.fd 2015/05/01 v1.6.1 Font defs for Latin Modern
)
LaTeX Font Info:    Font shape `OML/ntxmi/m/it' will be
(Font)              scaled to size 10.0pt on input line 2.
LaTeX Font Info:    Font shape `OML/ntxmi/m/it' will be
(Font)              scaled to size 7.3pt on input line 2.
LaTeX Font Info:    Font shape `OML/ntxmi/m/it' will be
(Font)              scaled to size 5.5pt on input line 2.
LaTeX Font Info:    Font shape `LMS/ntxsy/m/n' will be
(Font)              scaled to size 10.0pt on input line 2.
LaTeX Font Info:    Font shape `LMS/ntxsy/m/n' will be
(Font)              scaled to size 7.3pt on input line 2.
LaTeX Font Info:    Font shape `LMS/ntxsy/m/n' will be
(Font)              scaled to size 5.5pt on input line 2.
LaTeX Font Info:    Font shape `LMX/ntxexx/m/n' will be
(Font)              scaled to size 10.0pt on input line 2.
LaTeX Font Info:    Font shape `LMX/ntxexx/m/n' will be
(Font)              scaled to size 7.3pt on input line 2.
LaTeX Font Info:    Font shape `LMX/ntxexx/m/n' will be
(Font)              scaled to size 5.5pt on input line 2.
LaTeX Font Info:    Trying to load font information for U+msa on input line 2.

(C:\Users\herie\AppData\Local\Programs\MiKTeX\tex/latex/amsfonts\umsa.fd
File: umsa.fd 2013/01/14 v3.01 AMS symbols A
)
LaTeX Font Info:    Trying to load font information for U+msb on input line 2.

(C:\Users\herie\AppData\Local\Programs\MiKTeX\tex/latex/amsfonts\umsb.fd
File: umsb.fd 2013/01/14 v3.01 AMS symbols B
)
LaTeX Font Info:    Trying to load font information for U+ntxmia on input line 
2.

(C:\Users\herie\AppData\Local\Programs\MiKTeX\tex/latex/newtx\untxmia.fd
File: untxmia.fd 2024/04/09 Fontinst v1.933 font definitions for U/ntxmia.
)
LaTeX Font Info:    Font shape `U/ntxmia/m/it' will be
(Font)              scaled to size 10.0pt on input line 2.
LaTeX Font Info:    Font shape `U/ntxmia/m/it' will be
(Font)              scaled to size 7.3pt on input line 2.
LaTeX Font Info:    Font shape `U/ntxmia/m/it' will be
(Font)              scaled to size 5.5pt on input line 2.
LaTeX Font Info:    Trying to load font information for U+ntxsym on input line 
2.

(C:\Users\herie\AppData\Local\Programs\MiKTeX\tex/latex/newtx\untxsym.fd
File: untxsym.fd 2023/08/16 Fontinst v1.933 font definitions for U/ntxsym.
)
LaTeX Font Info:    Font shape `U/ntxsym/m/n' will be
(Font)              scaled to size 10.0pt on input line 2.
LaTeX Font Info:    Font shape `U/ntxsym/m/n' will be
(Font)              scaled to size 7.3pt on input line 2.
LaTeX Font Info:    Font shape `U/ntxsym/m/n' will be
(Font)              scaled to size 5.5pt on input line 2.
LaTeX Font Info:    Trying to load font information for U+ntxsyc on input line 
2.

(C:\Users\herie\AppData\Local\Programs\MiKTeX\tex/latex/newtx\untxsyc.fd
File: untxsyc.fd 2012/04/12 Fontinst v1.933 font definitions for U/ntxsyc.
)
LaTeX Font Info:    Font shape `U/ntxsyc/m/n' will be
(Font)              scaled to size 10.0pt on input line 2.
LaTeX Font Info:    Font shape `U/ntxsyc/m/n' will be
(Font)              scaled to size 7.3pt on input line 2.
LaTeX Font Info:    Font shape `U/ntxsyc/m/n' will be
(Font)              scaled to size 5.5pt on input line 2.
LaTeX Font Info:    Font shape `U/ntxexa/m/n' will be
(Font)              scaled to size 10.0pt on input line 2.
LaTeX Font Info:    Font shape `U/ntxexa/m/n' will be
(Font)              scaled to size 7.3pt on input line 2.
LaTeX Font Info:    Font shape `U/ntxexa/m/n' will be
(Font)              scaled to size 5.5pt on input line 2.
)
\tf@toc=\write4
\openout4 = `derivatives.toc'.



[1]
Overfull \hbox (1.19093pt too wide) in paragraph at lines 96--97
\TU/EBGaramond(0)/m/n/10 USDA reports and market information ([]CPC[], []2025[]
; []USDA Economic Research Service[], []nd[], []2025b[];
 []

File: figures/corn.jpg Graphic file (type bmp)
<figures/corn.jpg>
LaTeX Font Info:    Font shape `OML/ntxmi/m/it' will be
(Font)              scaled to size 8.0pt on input line 109.
LaTeX Font Info:    Font shape `OML/ntxmi/m/it' will be
(Font)              scaled to size 6.0pt on input line 109.
LaTeX Font Info:    Font shape `LMS/ntxsy/m/n' will be
(Font)              scaled to size 8.0pt on input line 109.
LaTeX Font Info:    Font shape `LMS/ntxsy/m/n' will be
(Font)              scaled to size 6.0pt on input line 109.
LaTeX Font Info:    Font shape `LMX/ntxexx/m/n' will be
(Font)              scaled to size 8.0pt on input line 109.
LaTeX Font Info:    Font shape `LMX/ntxexx/m/n' will be
(Font)              scaled to size 6.0pt on input line 109.
LaTeX Font Info:    Font shape `U/ntxmia/m/it' will be
(Font)              scaled to size 8.0pt on input line 109.
LaTeX Font Info:    Font shape `U/ntxmia/m/it' will be
(Font)              scaled to size 6.0pt on input line 109.
LaTeX Font Info:    Font shape `U/ntxsym/m/n' will be
(Font)              scaled to size 8.0pt on input line 109.
LaTeX Font Info:    Font shape `U/ntxsym/m/n' will be
(Font)              scaled to size 6.0pt on input line 109.
LaTeX Font Info:    Font shape `U/ntxsyc/m/n' will be
(Font)              scaled to size 8.0pt on input line 109.
LaTeX Font Info:    Font shape `U/ntxsyc/m/n' will be
(Font)              scaled to size 6.0pt on input line 109.
LaTeX Font Info:    Font shape `U/ntxexa/m/n' will be
(Font)              scaled to size 8.0pt on input line 109.
LaTeX Font Info:    Font shape `U/ntxexa/m/n' will be
(Font)              scaled to size 6.0pt on input line 109.


[2]
File: figures/corn2.png Graphic file (type bmp)
<figures/corn2.png>


[3]
File: figures/wti.png Graphic file (type bmp)
<figures/wti.png>


[4]

[5]
File: figures/silver.jpg Graphic file (type bmp)
<figures/silver.jpg>
File: figures/silver2.png Graphic file (type bmp)
<figures/silver2.png>


LaTeX Warning: `h' float specifier changed to `ht'.



[6]

[7]
File: figures/usdmxn.png Graphic file (type bmp)
<figures/usdmxn.png>


[8]
File: figures/tiie.png Graphic file (type bmp)
<figures/tiie.png>


[9]

[10]
Overfull \hbox (4.99428pt too wide) in paragraph at lines 326--327
[] []\TU/EBGaramond(0)/b/n/10 Base case and risks.[] \TU/EBGaramond(0)/m/n/10 N
etting these forces, the near-term base case is a \TU/EBGaramond(0)/m/it/10 car
ry-and-liquidity-supported
 []

File: figures/ipc.png Graphic file (type bmp)
<figures/ipc.png>

LaTeX Warning: `h' float specifier changed to `ht'.

(derivatives.bbl

[11]
Underfull \hbox (badness 10000) in paragraph at lines 10--15
[]\TU/EBGaramond(0)/m/n/10 Banco de México (2023).  Transición de las tiie a pl
azos a la tiie de fondeo.
 []


Underfull \hbox (badness 10000) in paragraph at lines 10--15
[]$[][][][][] [] [] [] [][][] [] [][][][][][][] [] [][][] [] [][] [] [][][][][]
[][][][][][][][][][][][][][][][][][][] [] [][][][][][][][][][][] []
 []


Underfull \hbox (badness 10000) in paragraph at lines 24--28
[] [] [][][] [] [][][][][][][] [] [][][] [] [][] [] [][][][][][][][][][][] [] [
][][][][][][][][][][][][][][][][][][][][][][][][][][][][][][][][] [] [][] []
 []



[12]
Underfull \hbox (badness 10000) in paragraph at lines 58--62
[]\TU/EBGaramond(0)/m/n/10 CME Group (2025b).  A new era for mexican rates: Ins
ide three-
 []


Underfull \hbox (badness 10000) in paragraph at lines 58--62
\TU/EBGaramond(0)/m/n/10 month f-tiie contracts.  []$[][][][][] [] [] [] [][][]
 [] [][][][][][][][] [] [][][] [] [][][][][][][][] [] [][][][] []
 []


Underfull \hbox (badness 1275) in paragraph at lines 70--73
[]\TU/EBGaramond(0)/m/n/10 CME Group (n.d.a).  Corn futures overview.  []$[][][
][][] [] [] [] [][][] [] [][][][][][][][] [] [][][] [] [][][][][][][] []
 []


Underfull \hbox (badness 10000) in paragraph at lines 93--98
[]\TU/EBGaramond(0)/m/n/10 Daily, M. N. (2025).  Annual inflation rose in augus
t, but remains
 []


Underfull \hbox (badness 10000) in paragraph at lines 93--98
\TU/EBGaramond(0)/m/n/10 within banxico’s target band.  []$[][][][][] [] [] [] 
[][][][][][][][][][][][][][][] [] [][][] [] [][][][] []
 []


Underfull \hbox (badness 10000) in paragraph at lines 106--110
[]\TU/EBGaramond(0)/m/n/10 European Central Bank (2024).  The link between oil 
prices and the us dollar.
 []


Underfull \hbox (badness 10000) in paragraph at lines 106--110
[]$[][][][][] [] [] [] [][][] [] [][][] [] [][][][][][] [] [][] [] [][][][][] [
] [][][][][][][][][][][][][][][][][][] [] [][][][][] [] [][][][] [] [][][][] []

 []



[13]
Underfull \hbox (badness 10000) in paragraph at lines 154--158
[][][] [] [][][] [] [][][][][][][][][][][] [] [][][][] [] [][][] [] [][][][] []
 [][][][][][][][][][][][][][] [] [][][][] [] [][] [] [][][][] [] [] [] [][][] [
]
 []


Underfull \hbox (badness 1178) in paragraph at lines 165--169
[]\TU/EBGaramond(0)/m/n/10 Musacchio, A. (2012).  Mexico’s financial crisis of 
1994–1995.  []$[][][][][] [] [] [] [][][][][][][][][][] []
 []


Underfull \hbox (badness 10000) in paragraph at lines 165--169
[][][][][][][] [] [][][][] [] [][][] [] [][][] [] [][][][][][][][][][][] [] [][
][] [] [][][][][][][] [] [][][][][] [] [][][][][][][] []
 []


Underfull \hbox (badness 1874) in paragraph at lines 171--175
[]\TU/EBGaramond(0)/m/n/10 National Corn Growers Association (2025).  A look at
 current u.s. grain storage capac-
 []


Underfull \hbox (badness 10000) in paragraph at lines 177--181
[]\TU/EBGaramond(0)/m/n/10 News, B. (2025).  Mexico inflation accelerates as ba
nxico reduces easing
 []


Underfull \hbox (badness 10000) in paragraph at lines 177--181
\TU/EBGaramond(0)/m/n/10 pace.  []$[][][][][] [] [] [] [][][] [] [][][][][][][]
[][] [] [][][] [] [][][][] [] [][][][][][][][] [] [][][][][][][][][][][][] []
 []


Underfull \hbox (badness 1975) in paragraph at lines 184--189
\TU/EBGaramond(0)/m/n/10 ment consultations on mexico’s agricultural biotechnol
ogy measures.  []$[][][][][] [] [] [] [][][][] []
 []


Underfull \hbox (badness 10000) in paragraph at lines 184--189
[][][] [] [][][][][][][][][] [] [][][][][][][][][][][][][][][] [] [][][][][][][
][][][][][][] [] [][][][][][][][][][][][][][][] [] [][][][] [] [][][][] []
 []


Overfull \hbox (140.16212pt too wide) in paragraph at lines 184--189
[][][][][][][][][][][][][][][][][][][][][][][][][][][][][][][][][][][][][][][][
][][][][][][][][][][][][][][][][][][][][][][][][][][][][][][][][][][][][][][][]
[][][][][][][][][][][][][][][][][][][][][][][][][][]$[]\TU/EBGaramond(0)/m/n/10
 . 
 []


Underfull \hbox (badness 10000) in paragraph at lines 192--196
[]\TU/EBGaramond(0)/m/n/10 Office of the U.S. Trade Representative (2024).  Uni
ted states prevails
 []


Underfull \hbox (badness 10000) in paragraph at lines 192--196
\TU/EBGaramond(0)/m/n/10 in usmca dispute on biotech corn.  []$[][][][][] [] []
 [] [][][][] [] [][][] [] [][][][][][][][][] []
 []


Underfull \hbox (badness 10000) in paragraph at lines 192--196
[][][][][][][][][][][][][][][] [] [][][][][][][][][][][][][] [] [][][][][][][][
][][][][][][][] [] [][][][] [] [][][][][][][][] []
 []


Underfull \hbox (badness 10000) in paragraph at lines 198--204
[][][][][][][] [] [][][][][][] [] [][][][][][][][][][][][][][][][][][][][][][][
][][][][][][][][][][][][][][][][][][][][][][][][][][][][][][][][][][][][][][][]
$[]\TU/EBGaramond(0)/m/n/10 .
 []


Underfull \hbox (badness 10000) in paragraph at lines 206--210
[]\TU/EBGaramond(0)/m/n/10 Reuters (2025a).  After trade dispute, mexico offici
ally bans the plant-
 []


Underfull \hbox (badness 10000) in paragraph at lines 206--210
\TU/EBGaramond(0)/m/n/10 ing of gm corn.  []$[][][][][] [] [] [] [][][] [] [][]
[][][][][] [] [][][] [] [][][][][][][] [] [][][][][][][][][][][] []
 []


Overfull \hbox (9.91212pt too wide) in paragraph at lines 206--210
[][][][][][][][][][][][][][][][][][][][][][][][][][][][][][][][][][][][][][][][
][][][][][][][][][][][][][][][][][][][][][][][][][][][][][][][][][][][][][][][]
[][][]$[]\TU/EBGaramond(0)/m/n/10 . 
 []


Underfull \hbox (badness 10000) in paragraph at lines 212--217
[]\TU/EBGaramond(0)/m/n/10 Reuters (2025b).  Byd and tesla set to lose most fro
m mexico’s proposed tariffs
 []


Underfull \hbox (badness 10000) in paragraph at lines 212--217
\TU/EBGaramond(0)/m/n/10 on china.  []$[][][][][] [] [] [] [][][] [] [][][][][]
[][] [] [][][] [] [][][][][][][][] [] [][][][][][][][][][][][][][][][][][][][][
] []
 []


Underfull \hbox (badness 10000) in paragraph at lines 219--225
[]\TU/EBGaramond(0)/m/n/10 Reuters (2025c).  Fed’s fear meter may be pointing t
o stagnation
 []


Underfull \hbox (badness 10000) in paragraph at lines 219--225
\TU/EBGaramond(0)/m/n/10 rather than stagflation.  []$[][][][][] [] [] [] [][][
] [] [][][][][][][] [] [][][] [] [][][][][][][][] []
 []


Overfull \hbox (47.16212pt too wide) in paragraph at lines 219--225
[][][][][][][][][][][][][][][][][][][][][][][][][][][][][][][][][][][][][][][][
][][][][][][][][][][][][][][][][][][][][][][][][][][][][][][][][][][][][][][][]
[][][][][][][][][][][]$[]\TU/EBGaramond(0)/m/n/10 .
 []



[14]
Underfull \hbox (badness 10000) in paragraph at lines 227--233
[]\TU/EBGaramond(0)/m/n/10 Reuters (2025d).  Fed’s fear meter may be pointing t
o stagnation
 []


Underfull \hbox (badness 10000) in paragraph at lines 227--233
\TU/EBGaramond(0)/m/n/10 rather than stagflation.  []$[][][][][] [] [] [] [][][
] [] [][][][][][][] [] [][][] [] [][][][][][][][] []
 []


Overfull \hbox (47.16212pt too wide) in paragraph at lines 227--233
[][][][][][][][][][][][][][][][][][][][][][][][][][][][][][][][][][][][][][][][
][][][][][][][][][][][][][][][][][][][][][][][][][][][][][][][][][][][][][][][]
[][][][][][][][][][][]$[]\TU/EBGaramond(0)/m/n/10 .
 []


Underfull \hbox (badness 10000) in paragraph at lines 235--240
[][][][][][][] [] [][] [] [][][][][][][][][][][][][][][][][][][][][][][][][][][
][][][][][][][][][][][][][][][][][][][][][][][][][][][][][][][][][][][][][][]$[
]\TU/EBGaramond(0)/m/n/10 .
 []


Underfull \hbox (badness 10000) in paragraph at lines 242--246
[]\TU/EBGaramond(0)/m/n/10 Reuters (2025f).  In mexican border town, thousands 
of jobs lost due to
 []


Underfull \hbox (badness 10000) in paragraph at lines 242--246
\TU/EBGaramond(0)/m/n/10 u.s. tariffs.  []$[][][][][] [] [] [] [][][] [] [][][]
[][][][] [] [][][] [] [][][][][][][][] [] [][][][][][][][][][][][][][][] []
 []


Underfull \hbox (badness 10000) in paragraph at lines 248--254
[]\TU/EBGaramond(0)/m/n/10 Reuters (2025g).  Mexican peso and stocks head for w
eekly gains on fed-
 []


Underfull \hbox (badness 10000) in paragraph at lines 248--254
\TU/EBGaramond(0)/m/n/10 cut bets; ipc hits record.  []$[][][][][] [] [] [] [][
][] [] [][][][][][][] [] [][][] [] [][][][][] [] [][][][][][][] []
 []


Underfull \hbox (badness 1142) in paragraph at lines 248--254
[][][][][][][][][][][][][][][][][][][][][][][][][][][][][][][][][][][][][][][][
][]$[]\TU/EBGaramond(0)/m/n/10 .  Reports IPC near 61,903 and MXN
 []


Underfull \hbox (badness 10000) in paragraph at lines 256--261
[]\TU/EBGaramond(0)/m/n/10 Reuters (2025h).  Mexico reveals sweeping plan to br
ing down pemex
 []


Underfull \hbox (badness 10000) in paragraph at lines 256--261
\TU/EBGaramond(0)/m/n/10 debt, boost investment.  []$[][][][][] [] [] [] [][][]
 [] [][][][][][][] [] [][][] [] [][][][][] [] [][][][][][][][] []
 []


Overfull \hbox (79.16212pt too wide) in paragraph at lines 256--261
[][][][][][][][][][][][][][][][][][][][][][][][][][][][][][][][][][][][][][][][
][][][][][][][][][][][][][][][][][][][][][][][][][][][][][][][][][][][][][][][]
[][][][][][][][][][][][][][][][][][]$[]\TU/EBGaramond(0)/m/n/10 . 
 []


Underfull \hbox (badness 10000) in paragraph at lines 263--268
[]\TU/EBGaramond(0)/m/n/10 Reuters (2025i).  Mexico sees budget deficit lower i
n 2026 as growth ticks
 []


Underfull \hbox (badness 10000) in paragraph at lines 263--268
\TU/EBGaramond(0)/m/n/10 up despite uncertainty.  []$[][][][][] [] [] [] [][][]
 [] [][][][][][][] [] [][][] [] [][][][][] [] [][][][][][][][] []
 []


Overfull \hbox (84.41212pt too wide) in paragraph at lines 263--268
[][][][][][][][][][][][][][][][][][][][][][][][][][][][][][][][][][][][][][][][
][][][][][][][][][][][][][][][][][][][][][][][][][][][][][][][][][][][][][][][]
[][][][][][][][][][][][][][][][][][][]$[]\TU/EBGaramond(0)/m/n/10 . 
 []


Underfull \hbox (badness 10000) in paragraph at lines 270--276
[]\TU/EBGaramond(0)/m/n/10 Reuters (2025j).  Morgan stanley expects four consec
utive u.s. interest
 []


Underfull \hbox (badness 10000) in paragraph at lines 270--276
\TU/EBGaramond(0)/m/n/10 rate cuts starting next week.  []$[][][][][] [] [] [] 
[][][] [] [][][][][][][] [] [][][] [] [][][][][][][][] []
 []


Overfull \hbox (10.41212pt too wide) in paragraph at lines 270--276
[][][][][][][][][][][][][][][][][][][][][][][][][][][][][][][][][][][][][][][][
][][][][][][][][][][][][][][][][][][][][][][][][][][][][][][][][][][][][][][][]
[][][][]$[]\TU/EBGaramond(0)/m/n/10 .
 []


Underfull \hbox (badness 10000) in paragraph at lines 278--283
[]\TU/EBGaramond(0)/m/n/10 Reuters (2025k).  Powell, citing jobs risk, opens do
or to cuts but
 []


Underfull \hbox (badness 10000) in paragraph at lines 278--283
\TU/EBGaramond(0)/m/n/10 doesn’t commit.  []$[][][][][] [] [] [] [][][] [] [][]
[][][][][] [] [][][] [] [][][][][][][] [] [][][][][][] []
 []


Underfull \hbox (badness 10000) in paragraph at lines 278--283
[][][][][][][][][][][][][][][][][][][][][][][][][][][][][][][][][][][][][][][][
][][][][][][][][][][][][][][][][][][][][][][][][][][][][][][][][][][][][]$[]\TU
/EBGaramond(0)/m/n/10 .
 []


Underfull \hbox (badness 10000) in paragraph at lines 291--296
[]\TU/EBGaramond(0)/m/n/10 Reuters (2025m).  Usda projects record u.s. corn cro
p, biggest harvested acres
 []


Underfull \hbox (badness 10000) in paragraph at lines 291--296
\TU/EBGaramond(0)/m/n/10 since 1933.  []$[][][][][] [] [] [] [][][] [] [][][][]
[][][] [] [][][] [] [][][][][][][][][][][][][][] [] [][][][][][][][][][][][][][
][] []
 []


Overfull \hbox (58.16212pt too wide) in paragraph at lines 291--296
[][][][][][][][][][][][][][][][][][][][][][][][][][][][][][][][][][][][][][][][
][][][][][][][][][][][][][][][][][][][][][][][][][][][][][][][][][][][][][][][]
[][][][][][][][][][][][][][]$[]\TU/EBGaramond(0)/m/n/10 . 
 []


Underfull \hbox (badness 10000) in paragraph at lines 304--309
[]\TU/EBGaramond(0)/m/n/10 Schlumberger, C. E. (2010).  The oil price spike of 
2008: The result of spec-
 []


Underfull \hbox (badness 10000) in paragraph at lines 304--309
\TU/EBGaramond(0)/m/n/10 ulation or an early realization of a supply-constraine
d world?  []$[][][][][] [] [] []
 []


Underfull \hbox (badness 10000) in paragraph at lines 304--309
[][][][][][][] [] [][][][][][][][][] [] [][][] [] [][] [] [][][] [] [][][][][][
][][][][][][][][][][][][][][][][][][][][][][][] [] [][][][][][][][] []
 []



[15]
Underfull \hbox (badness 6944) in paragraph at lines 333--337
\TU/EBGaramond(0)/m/n/10 (cot) reports.  []$[][][][][] [] [] [] [][][] [] [][][
][] [] [][][] [] [][][][][][][][][][][][][] [] [][][][][][][][][][][][][][][][]
[][][][] []
 []


Underfull \hbox (badness 10000) in paragraph at lines 352--356
[]\TU/EBGaramond(0)/m/n/10 U.S. Energy Information Administration (2023).  Oil 
and petroleum products ex-
 []


Underfull \hbox (badness 10000) in paragraph at lines 352--356
\TU/EBGaramond(0)/m/n/10 plained: Oil prices and outlook.  []$[][][][][] [] [] 
[] [][][] [] [][][] [] [][][] [] [][][][][][][][][][][][][][][] []
 []


Underfull \hbox (badness 1571) in paragraph at lines 387--391
[]\TU/EBGaramond(0)/m/n/10 USDA Economic Research Service (2025b).  Corn and ot
her feed grains — market out-
 []



[16]
Underfull \hbox (badness 10000) in paragraph at lines 393--398
[]$[][][][][] [] [] [] [][][] [] [][][] [] [][][][] [] [][][] [] [][][][][][][]
[][][][][][][] [] [][][][][][][][][][][][][][] [] [][][][][][][][][][][][][] []

 []


Underfull \hbox (badness 1147) in paragraph at lines 400--405
[]\TU/EBGaramond(0)/m/n/10 USDA Foreign Agricultural Service (2023).  Mexico is
sues 2023 corn decree to substitute
 []


Overfull \hbox (131.16212pt too wide) in paragraph at lines 400--405
[][][][][][][][][][][][][][][][][][][][][][][][][][][][][][][][][][][][][][][][
][][][][][][][][][][][][][][][][][][][][][][][][][][][][][][][][][][][][][][][]
[][][][][][][][][][][][][][][][][][][][][][][][][][][]$[]\TU/EBGaramond(0)/m/n/
10 . 
 []


Underfull \hbox (badness 10000) in paragraph at lines 408--412
[]\TU/EBGaramond(0)/m/n/10 USDA Foreign Agricultural Service (2025).  Mexico: G
rain and feed annual
 []


Underfull \hbox (badness 10000) in paragraph at lines 408--412
\TU/EBGaramond(0)/m/n/10 (mx2025-0013).  []$[][][][][] [] [] [] [][][][] [] [][
][] [] [][][][] [] [][][] [] [][][][][][][][][][] [] [][][] [] [][][][][][] []
 []


Underfull \hbox (badness 10000) in paragraph at lines 408--412
[][][][][][][][][][][][][][][][][][][][][][][][] [] [][][][][][][][] [] [][][][
][] [] [][][] [] [][][][] [] [][][][][][] [] [][][][][][] [] [][][][] []
 []


Underfull \hbox (badness 4492) in paragraph at lines 420--424
[]\TU/EBGaramond(0)/m/n/10 USDA Office of the Chief Economist (n.d.).  World ag
ricultural supply and demand
 []


Underfull \hbox (badness 7704) in paragraph at lines 420--424
\TU/EBGaramond(0)/m/n/10 estimates (wasde).  []$[][][][][] [] [] [] [][][] [] [
][][][] [] [][][] [] [][][][][][][][][][][] [] [][][][][][][][][][][][][][][][]
[][][][] []
 []

)

[17] (derivatives.aux)
 ***********
LaTeX2e <2025-06-01> patch level 1
L3 programming layer <2025-07-11>
 ***********
Package rerunfilecheck Info: File `derivatives.out' has not changed.
(rerunfilecheck)             Checksum: 1F6BC568941BE5991BCF9A1C15DD7EBB;715.
 ) 
Here is how much of TeX's memory you used:
 18893 strings out of 403265
 331975 string characters out of 5461230
 815667 words of memory out of 5000000
 47062 multiletter control sequences out of 15000+600000
 674703 words of font info for 130 fonts, out of 8000000 for 9000
 1348 hyphenation exceptions out of 8191
 73i,13n,93p,2106b,640s stack positions out of 10000i,1000n,20000p,200000b,200000s

Output written on derivatives.pdf (18 pages).
